<?xml version="1.0" encoding="UTF-8"?>
<robot generator="Robot 7.1.1 (Python 3.13.1 on win32)" generated="2025-01-24T15:20:18.658874" rpa="false" schemaversion="5">
<suite id="s1" name="Create Project" source="c:\Users\MyBook Hype AMD\Documents\Robot Framework\create-project-TMDigital\test_case\create_project.robot">
<test id="s1-t1" name="Valid Login example line 13" line="10">
<kw name="Scenario Outline Valid Login">
<kw name="Given User go to TM Digital Home Page" owner="login_tm_digital_step_definitions">
<kw name="Open Browser" owner="SeleniumLibrary">
<msg time="2025-01-24T15:20:18.910300" level="INFO">Opening browser 'Chrome' to base url 'https://wgs:25K9v47BU52NpegG@tmdigital.stagingapps.net/login'.</msg>
<msg time="2025-01-24T15:20:23.920337" level="WARN">The chromedriver version (131.0.6778.204) detected in PATH at C:\Users\MyBook Hype AMD\AppData\Local\Programs\Python\Python313\chromedriver.exe might not be compatible with the detected chrome version (132.0.6834.110); currently, chromedriver 132.0.6834.110 is recommended for chrome 132.*, so it is advised to delete the driver in PATH and retry</msg>
<arg>${SP_URL}</arg>
<arg>${BROWSER}</arg>
<doc>Opens a new browser instance to the optional ``url``.</doc>
<status status="PASS" start="2025-01-24T15:20:18.909975" elapsed="7.060929"/>
</kw>
<kw name="Maximize Browser Window" owner="SeleniumLibrary">
<doc>Maximizes current browser window.</doc>
<status status="PASS" start="2025-01-24T15:20:25.971433" elapsed="0.035798"/>
</kw>
<status status="PASS" start="2025-01-24T15:20:18.909224" elapsed="7.098446"/>
</kw>
<kw name="And User input email address &quot;${email}&quot;" owner="login_tm_digital_step_definitions" source_name="User input email address &quot;${email}&quot;">
<kw name="Input Text" owner="SeleniumLibrary">
<msg time="2025-01-24T15:20:26.009994" level="INFO">Typing text 'titoqa@maildrop.cc' into text field '//input[@name='email']'.</msg>
<arg>//input[@name='email']</arg>
<arg>${EMAIL}</arg>
<doc>Types the given ``text`` into the text field identified by ``locator``.</doc>
<status status="PASS" start="2025-01-24T15:20:26.008826" elapsed="0.122899"/>
</kw>
<status status="PASS" start="2025-01-24T15:20:26.008124" elapsed="0.123819"/>
</kw>
<kw name="And User input password &quot;${password}&quot;" owner="login_tm_digital_step_definitions" source_name="User input password &quot;${password}&quot;">
<kw name="Input Text" owner="SeleniumLibrary">
<msg time="2025-01-24T15:20:26.132790" level="INFO">Typing text 'P@ssw0rd' into text field '//input[@name='password']'.</msg>
<arg>//input[@name='password']</arg>
<arg>${PASSWORD}</arg>
<doc>Types the given ``text`` into the text field identified by ``locator``.</doc>
<status status="PASS" start="2025-01-24T15:20:26.132545" elapsed="0.086910"/>
</kw>
<status status="PASS" start="2025-01-24T15:20:26.132191" elapsed="0.087474"/>
</kw>
<kw name="And User click the Sign In Button" owner="login_tm_digital_step_definitions">
<kw name="Click Button" owner="SeleniumLibrary">
<msg time="2025-01-24T15:20:26.220436" level="INFO">Clicking button '//button[contains(text(), 'Sign In')]'.</msg>
<arg>//button[contains(text(), 'Sign In')]</arg>
<doc>Clicks the button identified by ``locator``.</doc>
<status status="PASS" start="2025-01-24T15:20:26.220233" elapsed="0.942832"/>
</kw>
<status status="PASS" start="2025-01-24T15:20:26.219903" elapsed="0.943368"/>
</kw>
<kw name="Then User should be success Login" owner="login_tm_digital_step_definitions">
<kw name="Wait Until Element Is Visible" owner="SeleniumLibrary">
<arg>//h1[contains(text(), 'Dashboard')]</arg>
<doc>Waits until the element ``locator`` is visible.</doc>
<status status="PASS" start="2025-01-24T15:20:27.163809" elapsed="0.022606"/>
</kw>
<kw name="Element Should Be Visible" owner="SeleniumLibrary">
<msg time="2025-01-24T15:20:27.215535" level="INFO">Element '//h1[contains(text(), 'Dashboard')]' is displayed.</msg>
<arg>//h1[contains(text(), 'Dashboard')]</arg>
<arg>timeout=15 seconds</arg>
<doc>Verifies that the element identified by ``locator`` is visible.</doc>
<status status="PASS" start="2025-01-24T15:20:27.186874" elapsed="0.029114"/>
</kw>
<kw name="Sleep" owner="BuiltIn">
<msg time="2025-01-24T15:20:30.217170" level="INFO">Slept 3 seconds.</msg>
<arg>3s</arg>
<doc>Pauses the test executed for the given time.</doc>
<status status="PASS" start="2025-01-24T15:20:27.216365" elapsed="3.001183"/>
</kw>
<status status="PASS" start="2025-01-24T15:20:27.163505" elapsed="3.054248"/>
</kw>
<arg>titoqa@maildrop.cc</arg>
<arg>P@ssw0rd</arg>
<status status="PASS" start="2025-01-24T15:20:18.908611" elapsed="11.309279"/>
</kw>
<tag>Valid</tag>
<status status="PASS" start="2025-01-24T15:20:18.907845" elapsed="11.310676"/>
</test>
<test id="s1-t2" name="Add New Project example line 21" line="15">
<kw name="Scenario Outline Add New Project">
<kw name="Given User has login" owner="create_project_step_definitions">
<kw name="Sleep" owner="BuiltIn">
<msg time="2025-01-24T15:20:31.222583" level="INFO">Slept 1 second.</msg>
<arg>1s</arg>
<doc>Pauses the test executed for the given time.</doc>
<status status="PASS" start="2025-01-24T15:20:30.221794" elapsed="1.002000"/>
</kw>
<status status="PASS" start="2025-01-24T15:20:30.221235" elapsed="1.002826"/>
</kw>
<kw name="When User click menu Project" owner="create_project_step_definitions">
<kw name="Click Element" owner="SeleniumLibrary">
<msg time="2025-01-24T15:20:31.225397" level="INFO">Clicking element '//span[text()='Project']'.</msg>
<arg>//span[text()='Project']</arg>
<doc>Click the element identified by ``locator``.</doc>
<status status="PASS" start="2025-01-24T15:20:31.224951" elapsed="0.287439"/>
</kw>
<status status="PASS" start="2025-01-24T15:20:31.224461" elapsed="0.288206"/>
</kw>
<kw name="And User click button Add New Project" owner="create_project_step_definitions">
<kw name="Wait Until Element Is Visible" owner="SeleniumLibrary">
<arg>//a[@href='/project/add']</arg>
<doc>Waits until the element ``locator`` is visible.</doc>
<status status="PASS" start="2025-01-24T15:20:31.513353" elapsed="0.021691"/>
</kw>
<kw name="Click Element" owner="SeleniumLibrary">
<msg time="2025-01-24T15:20:31.535807" level="INFO">Clicking element '//a[@href='/project/add']'.</msg>
<arg>//a[@href='/project/add']</arg>
<doc>Click the element identified by ``locator``.</doc>
<status status="PASS" start="2025-01-24T15:20:31.535433" elapsed="1.422422"/>
</kw>
<kw name="Sleep" owner="BuiltIn">
<msg time="2025-01-24T15:20:34.958975" level="INFO">Slept 2 seconds.</msg>
<arg>2s</arg>
<doc>Pauses the test executed for the given time.</doc>
<status status="PASS" start="2025-01-24T15:20:32.958153" elapsed="2.001234"/>
</kw>
<status status="PASS" start="2025-01-24T15:20:31.512945" elapsed="3.446669"/>
</kw>
<kw name="And User uploads image &quot;${Image_Path}&quot;" owner="create_project_step_definitions" source_name="User uploads image &quot;${Image_Path}&quot;">
<kw name="Choose File" owner="SeleniumLibrary">
<msg time="2025-01-24T15:20:34.960918" level="INFO">Sending C:\apk\docker.jpg to browser.</msg>
<arg>name=image</arg>
<arg>${Image_Path}</arg>
<doc>Inputs the ``file_path`` into the file input field ``locator``.</doc>
<status status="PASS" start="2025-01-24T15:20:34.960540" elapsed="0.030191"/>
</kw>
<status status="PASS" start="2025-01-24T15:20:34.959996" elapsed="0.030955"/>
</kw>
<kw name="And User fill Project Name &quot;${Project_Name}&quot;" owner="create_project_step_definitions" source_name="User fill Project Name &quot;${Project_Name}&quot;">
<kw name="Input Text" owner="SeleniumLibrary">
<msg time="2025-01-24T15:20:34.991762" level="INFO">Typing text 'Docker Project' into text field 'name=name'.</msg>
<arg>name=name</arg>
<arg>${Project_Name}</arg>
<doc>Types the given ``text`` into the text field identified by ``locator``.</doc>
<status status="PASS" start="2025-01-24T15:20:34.991533" elapsed="0.074173"/>
</kw>
<status status="PASS" start="2025-01-24T15:20:34.991199" elapsed="0.074757"/>
</kw>
<kw name="And User fill Project Description &quot;${Project_Description}&quot;" owner="create_project_step_definitions" source_name="User fill Project Description &quot;${Project_Description}&quot;">
<kw name="Input Text" owner="SeleniumLibrary">
<msg time="2025-01-24T15:20:35.067134" level="INFO">Typing text 'Description Docker Project' into text field '//textarea[@name='description']'.</msg>
<arg>//textarea[@name='description']</arg>
<arg>${Project_Description}</arg>
<doc>Types the given ``text`` into the text field identified by ``locator``.</doc>
<status status="PASS" start="2025-01-24T15:20:35.066811" elapsed="0.082160"/>
</kw>
<status status="PASS" start="2025-01-24T15:20:35.066226" elapsed="0.082994"/>
</kw>
<kw name="And User choose Project Type &quot;${Project_Type}&quot;" owner="create_project_step_definitions" source_name="User choose Project Type &quot;${Project_Type}&quot;">
<kw name="Click Element" owner="SeleniumLibrary">
<msg time="2025-01-24T15:20:35.150126" level="INFO">Clicking element '//span[text()='Please Select']'.</msg>
<arg>//span[text()='Please Select']</arg>
<doc>Click the element identified by ``locator``.</doc>
<status status="PASS" start="2025-01-24T15:20:35.149852" elapsed="0.085487"/>
</kw>
<kw name="Wait Until Element Is Visible" owner="SeleniumLibrary">
<arg>//label[text()=' Fixed Bid']</arg>
<doc>Waits until the element ``locator`` is visible.</doc>
<status status="PASS" start="2025-01-24T15:20:35.235739" elapsed="0.048807"/>
</kw>
<kw name="Click Element" owner="SeleniumLibrary">
<msg time="2025-01-24T15:20:35.285095" level="INFO">Clicking element '//label[text()=' Fixed Bid']'.</msg>
<arg>//label[text()=' Fixed Bid']</arg>
<doc>Click the element identified by ``locator``.</doc>
<status status="PASS" start="2025-01-24T15:20:35.284854" elapsed="0.057693"/>
</kw>
<status status="PASS" start="2025-01-24T15:20:35.149472" elapsed="0.193290"/>
</kw>
<kw name="And User choose QA Assigned to &quot;${QA_Assigned}&quot;" owner="create_project_step_definitions" source_name="User choose QA Assigned to &quot;${QA_Assigned}&quot;">
<kw name="Click Element" owner="SeleniumLibrary">
<msg time="2025-01-24T15:20:35.343560" level="INFO">Clicking element 'css=#form-add &gt; div:nth-of-type(4) &gt; div:nth-of-type(2) .multiselect'.</msg>
<arg>css=#form-add &gt; div:nth-of-type(4) &gt; div:nth-of-type(2) .multiselect</arg>
<doc>Click the element identified by ``locator``.</doc>
<status status="PASS" start="2025-01-24T15:20:35.343360" elapsed="0.088390"/>
</kw>
<kw name="Wait Until Element Is Visible" owner="SeleniumLibrary">
<arg>//label[contains(.,'${QA_Assigned}')]</arg>
<doc>Waits until the element ``locator`` is visible.</doc>
<status status="PASS" start="2025-01-24T15:20:35.432069" elapsed="0.018516"/>
</kw>
<kw name="Click Element" owner="SeleniumLibrary">
<msg time="2025-01-24T15:20:35.451193" level="INFO">Clicking element '//label[contains(.,'Diky Chairul Azwar')]'.</msg>
<arg>//label[contains(.,'${QA_Assigned}')]</arg>
<doc>Click the element identified by ``locator``.</doc>
<status status="PASS" start="2025-01-24T15:20:35.450913" elapsed="0.056668"/>
</kw>
<kw name="Click Element" owner="SeleniumLibrary">
<msg time="2025-01-24T15:20:35.508159" level="INFO">Clicking element 'css=#form-add &gt; div:nth-of-type(4) &gt; div:nth-of-type(2) .multiselect'.</msg>
<arg>css=#form-add &gt; div:nth-of-type(4) &gt; div:nth-of-type(2) .multiselect</arg>
<doc>Click the element identified by ``locator``.</doc>
<status status="PASS" start="2025-01-24T15:20:35.507893" elapsed="0.050208"/>
</kw>
<status status="PASS" start="2025-01-24T15:20:35.343008" elapsed="0.215393"/>
</kw>
<kw name="And User choose Start Date &quot;${Start_Date}&quot;" owner="create_project_step_definitions" source_name="User choose Start Date &quot;${Start_Date}&quot;">
<kw name="Double Click Element" owner="SeleniumLibrary">
<msg time="2025-01-24T15:20:35.559303" level="INFO">Double clicking element '//span[text()='Start Date']'.</msg>
<arg>//span[text()='Start Date']</arg>
<doc>Double clicks the element identified by ``locator``.</doc>
<status status="PASS" start="2025-01-24T15:20:35.559097" elapsed="0.308671"/>
</kw>
<kw name="Sleep" owner="BuiltIn">
<msg time="2025-01-24T15:20:37.869288" level="INFO">Slept 2 seconds.</msg>
<arg>2s</arg>
<doc>Pauses the test executed for the given time.</doc>
<status status="PASS" start="2025-01-24T15:20:35.868125" elapsed="2.001657"/>
</kw>
<kw name="Click Element" owner="SeleniumLibrary">
<msg time="2025-01-24T15:20:37.870459" level="INFO">Clicking element '//td[@class='today day']'.</msg>
<arg>//td[@class='${Start_Date}']</arg>
<doc>Click the element identified by ``locator``.</doc>
<status status="PASS" start="2025-01-24T15:20:37.870074" elapsed="0.062095"/>
</kw>
<status status="PASS" start="2025-01-24T15:20:35.558742" elapsed="2.373743"/>
</kw>
<kw name="And User choose End Date &quot;${End_Date}&quot;" owner="create_project_step_definitions" source_name="User choose End Date &quot;${End_Date}&quot;">
<kw name="Double Click Element" owner="SeleniumLibrary">
<msg time="2025-01-24T15:20:37.933522" level="INFO">Double clicking element '//span[text()='End Date']'.</msg>
<arg>//span[text()='End Date']</arg>
<doc>Double clicks the element identified by ``locator``.</doc>
<status status="PASS" start="2025-01-24T15:20:37.933221" elapsed="0.301439"/>
</kw>
<kw name="Sleep" owner="BuiltIn">
<msg time="2025-01-24T15:20:40.235686" level="INFO">Slept 2 seconds.</msg>
<arg>2s</arg>
<doc>Pauses the test executed for the given time.</doc>
<status status="PASS" start="2025-01-24T15:20:38.234964" elapsed="2.001125"/>
</kw>
<kw name="Click Element" owner="SeleniumLibrary">
<msg time="2025-01-24T15:20:40.236806" level="INFO">Clicking element '(//td[text()='31'])[2]'.</msg>
<arg>(//td[text()='${End_Date}'])[2]</arg>
<doc>Click the element identified by ``locator``.</doc>
<status status="PASS" start="2025-01-24T15:20:40.236417" elapsed="0.064070"/>
</kw>
<status status="PASS" start="2025-01-24T15:20:37.932812" elapsed="2.367955"/>
</kw>
<kw name="And User choose Platform Type &quot;${Platform_Type}&quot;" owner="create_project_step_definitions" source_name="User choose Platform Type &quot;${Platform_Type}&quot;">
<kw name="Click Element" owner="SeleniumLibrary">
<msg time="2025-01-24T15:20:40.301797" level="INFO">Clicking element 'css=#form-add &gt; div:nth-of-type(5) .multiselect'.</msg>
<arg>css=#form-add &gt; div:nth-of-type(5) .multiselect</arg>
<doc>Click the element identified by ``locator``.</doc>
<status status="PASS" start="2025-01-24T15:20:40.301473" elapsed="0.063933"/>
</kw>
<kw name="Wait Until Element Is Visible" owner="SeleniumLibrary">
<arg>//label[text()=' Mobile Website']</arg>
<doc>Waits until the element ``locator`` is visible.</doc>
<status status="PASS" start="2025-01-24T15:20:40.365716" elapsed="0.018405"/>
</kw>
<kw name="Click Element" owner="SeleniumLibrary">
<msg time="2025-01-24T15:20:40.384734" level="INFO">Clicking element '//label[text()=' Mobile Website']'.</msg>
<arg>//label[text()=' Mobile Website']</arg>
<doc>Click the element identified by ``locator``.</doc>
<status status="PASS" start="2025-01-24T15:20:40.384470" elapsed="0.058438"/>
</kw>
<kw name="Click Element" owner="SeleniumLibrary">
<msg time="2025-01-24T15:20:40.443520" level="INFO">Clicking element 'css=#form-add &gt; div:nth-of-type(5) .multiselect'.</msg>
<arg>css=#form-add &gt; div:nth-of-type(5) .multiselect</arg>
<doc>Click the element identified by ``locator``.</doc>
<status status="PASS" start="2025-01-24T15:20:40.443236" elapsed="0.050391"/>
</kw>
<status status="PASS" start="2025-01-24T15:20:40.301073" elapsed="0.192787"/>
</kw>
<kw name="And User choose Technology &quot;${Technology}&quot;" owner="create_project_step_definitions" source_name="User choose Technology &quot;${Technology}&quot;">
<kw name="Click Element" owner="SeleniumLibrary">
<msg time="2025-01-24T15:20:40.494642" level="INFO">Clicking element 'css=div:nth-of-type(6) &gt; div:nth-of-type(1) .multiselect'.</msg>
<arg>css=div:nth-of-type(6) &gt; div:nth-of-type(1) .multiselect</arg>
<doc>Click the element identified by ``locator``.</doc>
<status status="PASS" start="2025-01-24T15:20:40.494442" elapsed="0.060265"/>
</kw>
<kw name="Wait Until Element Is Visible" owner="SeleniumLibrary">
<arg>//label[text()=' ${Technology}']</arg>
<doc>Waits until the element ``locator`` is visible.</doc>
<status status="PASS" start="2025-01-24T15:20:40.555070" elapsed="0.019024"/>
</kw>
<kw name="Click Element" owner="SeleniumLibrary">
<msg time="2025-01-24T15:20:40.574830" level="INFO">Clicking element '//label[text()=' NextJS']'.</msg>
<arg>//label[text()=' ${Technology}']</arg>
<doc>Click the element identified by ``locator``.</doc>
<status status="PASS" start="2025-01-24T15:20:40.574487" elapsed="0.054816"/>
</kw>
<kw name="Click Element" owner="SeleniumLibrary">
<msg time="2025-01-24T15:20:40.629840" level="INFO">Clicking element 'css=div:nth-of-type(6) &gt; div:nth-of-type(1) .multiselect'.</msg>
<arg>css=div:nth-of-type(6) &gt; div:nth-of-type(1) .multiselect</arg>
<doc>Click the element identified by ``locator``.</doc>
<status status="PASS" start="2025-01-24T15:20:40.629602" elapsed="0.050057"/>
</kw>
<status status="PASS" start="2025-01-24T15:20:40.494110" elapsed="0.185793"/>
</kw>
<kw name="And User testing Applications &quot;${Applications}&quot;" owner="create_project_step_definitions" source_name="User testing Applications &quot;${Applications}&quot;">
<kw name="Click Element" owner="SeleniumLibrary">
<msg time="2025-01-24T15:20:40.680706" level="INFO">Clicking element 'css=div:nth-of-type(6) &gt; div:nth-of-type(2) .multiselect'.</msg>
<arg>css=div:nth-of-type(6) &gt; div:nth-of-type(2) .multiselect</arg>
<doc>Click the element identified by ``locator``.</doc>
<status status="PASS" start="2025-01-24T15:20:40.680507" elapsed="0.060635"/>
</kw>
<kw name="Wait Until Element Is Visible" owner="SeleniumLibrary">
<arg>//label[text()=' ${Applications}']</arg>
<doc>Waits until the element ``locator`` is visible.</doc>
<status status="PASS" start="2025-01-24T15:20:40.741526" elapsed="0.018046"/>
</kw>
<kw name="Click Element" owner="SeleniumLibrary">
<msg time="2025-01-24T15:20:40.760169" level="INFO">Clicking element '//label[text()=' Taiga']'.</msg>
<arg>//label[text()=' ${Applications}']</arg>
<doc>Click the element identified by ``locator``.</doc>
<status status="PASS" start="2025-01-24T15:20:40.759879" elapsed="0.053209"/>
</kw>
<kw name="Click Element" owner="SeleniumLibrary">
<msg time="2025-01-24T15:20:40.813659" level="INFO">Clicking element 'css=div:nth-of-type(6) &gt; div:nth-of-type(2) .multiselect'.</msg>
<arg>css=div:nth-of-type(6) &gt; div:nth-of-type(2) .multiselect</arg>
<doc>Click the element identified by ``locator``.</doc>
<status status="PASS" start="2025-01-24T15:20:40.813388" elapsed="0.071126"/>
</kw>
<status status="PASS" start="2025-01-24T15:20:40.680175" elapsed="0.204558"/>
</kw>
<kw name="And User choose Guest Assigned to &quot;${Guest_Assigned}&quot;" owner="create_project_step_definitions" source_name="User choose Guest Assigned to &quot;${Guest_Assigned}&quot;">
<kw name="Click Element" owner="SeleniumLibrary">
<msg time="2025-01-24T15:20:40.885512" level="INFO">Clicking element 'css=div:nth-of-type(7) &gt; div:nth-of-type(1) .multiselect'.</msg>
<arg>css=div:nth-of-type(7) &gt; div:nth-of-type(1) .multiselect</arg>
<doc>Click the element identified by ``locator``.</doc>
<status status="PASS" start="2025-01-24T15:20:40.885315" elapsed="0.060833"/>
</kw>
<kw name="Wait Until Element Is Visible" owner="SeleniumLibrary">
<arg>//label[text()=' ${Guest_Assigned}']</arg>
<doc>Waits until the element ``locator`` is visible.</doc>
<status status="PASS" start="2025-01-24T15:20:40.946510" elapsed="0.020995"/>
</kw>
<kw name="Click Element" owner="SeleniumLibrary">
<msg time="2025-01-24T15:20:40.968135" level="INFO">Clicking element '//label[text()=' Agung Prasetya']'.</msg>
<arg>//label[text()=' ${Guest_Assigned}']</arg>
<doc>Click the element identified by ``locator``.</doc>
<status status="PASS" start="2025-01-24T15:20:40.967841" elapsed="0.055433"/>
</kw>
<kw name="Click Element" owner="SeleniumLibrary">
<msg time="2025-01-24T15:20:41.024055" level="INFO">Clicking element 'css=div:nth-of-type(7) &gt; div:nth-of-type(1) .multiselect'.</msg>
<arg>css=div:nth-of-type(7) &gt; div:nth-of-type(1) .multiselect</arg>
<doc>Click the element identified by ``locator``.</doc>
<status status="PASS" start="2025-01-24T15:20:41.023678" elapsed="0.047516"/>
</kw>
<status status="PASS" start="2025-01-24T15:20:40.884975" elapsed="0.186610"/>
</kw>
<kw name="And User click button Save Project" owner="create_project_step_definitions">
<kw name="Click Element" owner="SeleniumLibrary">
<msg time="2025-01-24T15:20:41.072727" level="INFO">Clicking element '//button[@id='save']'.</msg>
<arg>//button[@id='save']</arg>
<doc>Click the element identified by ``locator``.</doc>
<status status="PASS" start="2025-01-24T15:20:41.072365" elapsed="0.080044"/>
</kw>
<status status="PASS" start="2025-01-24T15:20:41.071930" elapsed="0.080741"/>
</kw>
<kw name="And User click button confirm" owner="create_project_step_definitions">
<kw name="Wait Until Element Is Visible" owner="SeleniumLibrary">
<arg>id=savedProjectSuccess</arg>
<doc>Waits until the element ``locator`` is visible.</doc>
<status status="PASS" start="2025-01-24T15:20:41.153280" elapsed="0.237424"/>
</kw>
<kw name="Click Button" owner="SeleniumLibrary">
<msg time="2025-01-24T15:20:41.391325" level="INFO">Clicking button 'id=savedProjectSuccess'.</msg>
<arg>id=savedProjectSuccess</arg>
<doc>Clicks the button identified by ``locator``.</doc>
<status status="PASS" start="2025-01-24T15:20:41.391029" elapsed="0.073948"/>
</kw>
<status status="PASS" start="2025-01-24T15:20:41.152948" elapsed="0.312258"/>
</kw>
<kw name="Then Success add new Project" owner="create_project_step_definitions">
<kw name="Wait Until Element Is Visible" owner="SeleniumLibrary">
<arg>//*[@id="savedProjectSuccessModal"]/div/div/div[2]/div/button</arg>
<arg>10s</arg>
<doc>Waits until the element ``locator`` is visible.</doc>
<status status="PASS" start="2025-01-24T15:20:41.465785" elapsed="2.202015"/>
</kw>
<kw name="Click Button" owner="SeleniumLibrary">
<msg time="2025-01-24T15:20:43.668357" level="INFO">Clicking button '//*[@id="savedProjectSuccessModal"]/div/div/div[2]/div/button'.</msg>
<arg>//*[@id="savedProjectSuccessModal"]/div/div/div[2]/div/button</arg>
<doc>Clicks the button identified by ``locator``.</doc>
<status status="PASS" start="2025-01-24T15:20:43.668103" elapsed="0.282185"/>
</kw>
<kw name="Sleep" owner="BuiltIn">
<msg time="2025-01-24T15:20:48.951354" level="INFO">Slept 5 seconds.</msg>
<arg>5s</arg>
<doc>Pauses the test executed for the given time.</doc>
<status status="PASS" start="2025-01-24T15:20:43.950605" elapsed="5.001126"/>
</kw>
<kw name="Click Element" owner="SeleniumLibrary">
<msg time="2025-01-24T15:20:48.952386" level="INFO">Clicking element '//span[text()='Dashboard']'.</msg>
<arg>//span[text()='Dashboard']</arg>
<doc>Click the element identified by ``locator``.</doc>
<status status="PASS" start="2025-01-24T15:20:48.952053" elapsed="0.524395"/>
</kw>
<kw name="Wait Until Element Is Visible" owner="SeleniumLibrary">
<arg>//span[text()='Docker Project']</arg>
<doc>Waits until the element ``locator`` is visible.</doc>
<status status="PASS" start="2025-01-24T15:20:49.476817" elapsed="0.458270"/>
</kw>
<kw name="Scroll Element Into View" owner="SeleniumLibrary">
<arg>//span[text()='Docker Project']</arg>
<doc>Scrolls the element identified by ``locator`` into view.</doc>
<status status="PASS" start="2025-01-24T15:20:49.935396" elapsed="0.284918"/>
</kw>
<kw name="Sleep" owner="BuiltIn">
<msg time="2025-01-24T15:21:00.221080" level="INFO">Slept 10 seconds.</msg>
<arg>10s</arg>
<doc>Pauses the test executed for the given time.</doc>
<status status="PASS" start="2025-01-24T15:20:50.220601" elapsed="10.000886"/>
</kw>
<status status="PASS" start="2025-01-24T15:20:41.465478" elapsed="18.756351"/>
</kw>
<arg>C://apk/docker.jpg</arg>
<arg>Docker Project</arg>
<arg>Description Docker Project</arg>
<arg>Fixed Bid</arg>
<arg>Diky Chairul Azwar</arg>
<arg>today day</arg>
<arg>31</arg>
<arg>Mobile Website</arg>
<arg>NextJS</arg>
<arg>Taiga</arg>
<arg>Agung Prasetya</arg>
<status status="PASS" start="2025-01-24T15:20:30.220430" elapsed="30.001610"/>
</kw>
<status status="PASS" start="2025-01-24T15:20:30.219572" elapsed="30.003504"/>
</test>
<meta name="Feature">Create Project</meta>
<meta name="Generated by">_gherkin2robotframework on 2025-01-24T13:31:02.155901_</meta>
<status status="PASS" start="2025-01-24T15:20:18.664709" elapsed="41.559963"/>
</suite>
<statistics>
<total>
<stat pass="2" fail="0" skip="0">All Tests</stat>
</total>
<tag>
<stat pass="1" fail="0" skip="0">Valid</stat>
</tag>
<suite>
<stat pass="2" fail="0" skip="0" id="s1" name="Create Project">Create Project</stat>
</suite>
</statistics>
<errors>
<msg time="2025-01-24T15:20:23.920337" level="WARN">The chromedriver version (131.0.6778.204) detected in PATH at C:\Users\MyBook Hype AMD\AppData\Local\Programs\Python\Python313\chromedriver.exe might not be compatible with the detected chrome version (132.0.6834.110); currently, chromedriver 132.0.6834.110 is recommended for chrome 132.*, so it is advised to delete the driver in PATH and retry</msg>
</errors>
</robot>
